<?xml version="1.0" encoding="UTF-8"?>
<!-- Generated by org.testng.reporters.JUnitReportReporter -->
<testsuite skipped="0" hostname="APPMIX-44" name="AppMixProject.IES_SearchContext" tests="1" failures="0" timestamp="17 Oct 2019 11:49:02 GMT" time="376.353" errors="0">
  <testcase name="Search_Result" time="376.353" classname="AppMixProject.IES_SearchContext"/>
</testsuite> <!-- AppMixProject.IES_SearchContext -->
