<?xml version="1.0" encoding="UTF-8"?>
<!-- Generated by org.testng.reporters.JUnitReportReporter -->
<testsuite skipped="0" hostname="APPMIX-44" name="IES_EachPages_Validation.IES_SearchContext" tests="1" failures="0" timestamp="17 Oct 2019 13:24:36 GMT" time="377.107" errors="0">
  <testcase name="Search_Result" time="377.107" classname="IES_EachPages_Validation.IES_SearchContext"/>
</testsuite> <!-- IES_EachPages_Validation.IES_SearchContext -->
