<?xml version="1.0" encoding="UTF-8"?>
<!-- Generated by org.testng.reporters.JUnitReportReporter -->
<testsuite skipped="0" hostname="APPMIX-44" name="com.qa.IES_EachPages_Validation.IES_Login" tests="1" failures="0" timestamp="18 Oct 2019 07:02:58 GMT" time="46.285" errors="0">
  <testcase name="login" time="46.285" classname="com.qa.IES_EachPages_Validation.IES_Login"/>
</testsuite> <!-- com.qa.IES_EachPages_Validation.IES_Login -->
