<?xml version="1.0" encoding="UTF-8"?>
<!-- Generated by org.testng.reporters.JUnitReportReporter -->
<testsuite skipped="0" hostname="APPMIX-44" name="AppMixProject.Login" tests="1" failures="0" timestamp="16 Oct 2019 09:19:05 GMT" time="41.073" errors="0">
  <testcase name="login" time="41.073" classname="AppMixProject.Login"/>
</testsuite> <!-- AppMixProject.Login -->
