<?xml version="1.0" encoding="UTF-8"?>
<!-- Generated by org.testng.reporters.JUnitReportReporter -->
<testsuite skipped="0" hostname="APPMIX-44" name="com.qa.IES_EachPages_Validation.IES_AddEnrollee" tests="1" failures="0" timestamp="18 Oct 2019 15:15:37 GMT" time="39.909" errors="0">
  <testcase name="Enrolle_Addition" time="39.909" classname="com.qa.IES_EachPages_Validation.IES_AddEnrollee"/>
</testsuite> <!-- com.qa.IES_EachPages_Validation.IES_AddEnrollee -->
