<?xml version="1.0" encoding="UTF-8"?>
<!-- Generated by org.testng.reporters.JUnitReportReporter -->
<testsuite skipped="0" hostname="APPMIX-44" name="com.qa.IES_EachPages_Validation.IES_SearchContext" tests="1" failures="0" timestamp="18 Oct 2019 07:35:31 GMT" time="368.228" errors="0">
  <testcase name="Search_Result" time="368.228" classname="com.qa.IES_EachPages_Validation.IES_SearchContext"/>
</testsuite> <!-- com.qa.IES_EachPages_Validation.IES_SearchContext -->
