<?xml version="1.0" encoding="UTF-8"?>
<!-- Generated by org.testng.reporters.JUnitReportReporter -->
<testsuite skipped="0" hostname="APPMIX-44" name="com.qa.IES_EachPages_Validation.IES_AddEnrollee" tests="1" failures="0" timestamp="21 Oct 2019 07:58:13 GMT" time="23.934" errors="0">
  <testcase name="Enrolle_Addition" time="23.934" classname="com.qa.IES_EachPages_Validation.IES_AddEnrollee"/>
</testsuite> <!-- com.qa.IES_EachPages_Validation.IES_AddEnrollee -->
