<?xml version="1.0" encoding="UTF-8"?>
<!-- Generated by org.testng.reporters.JUnitReportReporter -->
<testsuite skipped="0" hostname="APPMIX-44" name="AppMixProject.LaunchBrowser" tests="1" failures="0" timestamp="15 Oct 2019 13:17:06 GMT" time="41.667" errors="0">
  <testcase name="login" time="41.667" classname="AppMixProject.LaunchBrowser"/>
</testsuite> <!-- AppMixProject.LaunchBrowser -->
