<?xml version="1.0" encoding="UTF-8"?>
<!-- Generated by org.testng.reporters.JUnitReportReporter -->
<testsuite skipped="0" hostname="APPMIX-44" name="AppMixProject.IES_DropDownSelection" tests="1" failures="0" timestamp="16 Oct 2019 09:20:08 GMT" time="24.976" errors="0">
  <testcase name="Select_Multi_dropdown" time="24.976" classname="AppMixProject.IES_DropDownSelection"/>
</testsuite> <!-- AppMixProject.IES_DropDownSelection -->
